OpenJDK 64-Bit Server VM warning: ignoring option MaxPermSize=350m; support was removed in 8.0
[   3440]  ERROR -    #com.intellij.lang.Language - Language with ID 'Markdown' is already registered: class com.vladsch.idea.multimarkdown.MarkdownLanguage 
java.lang.Throwable
	at com.intellij.openapi.diagnostic.Logger.error(Logger.java:127)
	at com.intellij.lang.Language.<init>(Language.java:87)
	at com.intellij.lang.Language.<init>(Language.java:72)
	at org.intellij.plugins.markdown.lang.MarkdownLanguage.<init>(MarkdownLanguage.java:25)
	at org.intellij.plugins.markdown.lang.MarkdownLanguage.<clinit>(MarkdownLanguage.java:22)
	at org.intellij.plugins.markdown.lang.MarkdownFileType.<init>(MarkdownFileType.java:30)
	at org.intellij.plugins.markdown.lang.MarkdownFileType.<clinit>(MarkdownFileType.java:27)
	at org.intellij.plugins.markdown.lang.MarkdownFileTypeFactory.createFileTypes(MarkdownFileTypeFactory.java:25)
	at com.intellij.openapi.fileTypes.impl.FileTypeManagerImpl.initStandardFileTypes(FileTypeManagerImpl.java:310)
	at com.intellij.openapi.fileTypes.impl.FileTypeManagerImpl.<init>(FileTypeManagerImpl.java:270)
	at sun.reflect.NativeConstructorAccessorImpl.newInstance0(Native Method)
	at sun.reflect.NativeConstructorAccessorImpl.newInstance(NativeConstructorAccessorImpl.java:62)
	at sun.reflect.DelegatingConstructorAccessorImpl.newInstance(DelegatingConstructorAccessorImpl.java:45)
	at java.lang.reflect.Constructor.newInstance(Constructor.java:423)
	at org.picocontainer.defaults.InstantiatingComponentAdapter.newInstance(InstantiatingComponentAdapter.java:193)
	at org.picocontainer.defaults.ConstructorInjectionComponentAdapter$1.run(ConstructorInjectionComponentAdapter.java:220)
	at org.picocontainer.defaults.ThreadLocalCyclicDependencyGuard.observe(ThreadLocalCyclicDependencyGuard.java:53)
	at org.picocontainer.defaults.ConstructorInjectionComponentAdapter.getComponentInstance(ConstructorInjectionComponentAdapter.java:248)
	at com.intellij.util.pico.ConstructorInjectionComponentAdapter.getComponentInstance(ConstructorInjectionComponentAdapter.java:59)
	at com.intellij.openapi.components.impl.ComponentManagerImpl$ComponentConfigComponentAdapter.getComponentInstance(ComponentManagerImpl.java:499)
	at com.intellij.openapi.components.impl.ComponentManagerImpl.createComponents(ComponentManagerImpl.java:123)
	at com.intellij.openapi.application.impl.ApplicationImpl.access$801(ApplicationImpl.java:92)
	at com.intellij.openapi.application.impl.ApplicationImpl$12.run(ApplicationImpl.java:500)
	at com.intellij.openapi.progress.impl.CoreProgressManager$2.run(CoreProgressManager.java:142)
	at com.intellij.openapi.progress.impl.CoreProgressManager.registerIndicatorAndRun(CoreProgressManager.java:446)
	at com.intellij.openapi.progress.impl.CoreProgressManager.executeProcessUnderProgress(CoreProgressManager.java:392)
	at com.intellij.openapi.progress.impl.ProgressManagerImpl.executeProcessUnderProgress(ProgressManagerImpl.java:54)
	at com.intellij.openapi.progress.impl.CoreProgressManager.runProcess(CoreProgressManager.java:127)
	at com.intellij.openapi.application.impl.ApplicationImpl.createComponents(ApplicationImpl.java:516)
	at com.intellij.openapi.components.impl.ComponentManagerImpl.init(ComponentManagerImpl.java:107)
	at com.intellij.openapi.application.impl.ApplicationImpl.load(ApplicationImpl.java:458)
	at com.intellij.openapi.application.impl.ApplicationImpl.load(ApplicationImpl.java:450)
	at com.intellij.idea.IdeaApplication.run(IdeaApplication.java:194)
	at com.intellij.idea.MainImpl$1$1$1.run(MainImpl.java:52)
	at java.awt.event.InvocationEvent.dispatch(InvocationEvent.java:311)
	at java.awt.EventQueue.dispatchEventImpl(EventQueue.java:756)
	at java.awt.EventQueue.access$500(EventQueue.java:97)
	at java.awt.EventQueue$3.run(EventQueue.java:709)
	at java.awt.EventQueue$3.run(EventQueue.java:703)
	at java.security.AccessController.doPrivileged(Native Method)
	at java.security.ProtectionDomain$JavaSecurityAccessImpl.doIntersectionPrivilege(ProtectionDomain.java:76)
	at java.awt.EventQueue.dispatchEvent(EventQueue.java:726)
	at com.intellij.ide.IdeEventQueue.dispatchEvent(IdeEventQueue.java:366)
	at java.awt.EventDispatchThread.pumpOneEventForFilters(EventDispatchThread.java:201)
	at java.awt.EventDispatchThread.pumpEventsForFilter(EventDispatchThread.java:116)
	at java.awt.EventDispatchThread.pumpEventsForHierarchy(EventDispatchThread.java:105)
	at java.awt.EventDispatchThread.pumpEvents(EventDispatchThread.java:101)
	at java.awt.EventDispatchThread.pumpEvents(EventDispatchThread.java:93)
	at java.awt.EventDispatchThread.run(EventDispatchThread.java:82)
[   3444]  ERROR -    #com.intellij.lang.Language - IntelliJ IDEA 2016.1.3  Build #IC-145.1617.8 
[   3444]  ERROR -    #com.intellij.lang.Language - JDK: 1.8.0_76-release 
[   3444]  ERROR -    #com.intellij.lang.Language - VM: OpenJDK 64-Bit Server VM 
[   3444]  ERROR -    #com.intellij.lang.Language - Vendor: JetBrains s.r.o 
[   3444]  ERROR -    #com.intellij.lang.Language - OS: Linux 
[  12942]   WARN - m.thoughtworks.gauge.GaugeUtil - Could not find executable in PATH or GAUGE_ROOT 
[  12943]   WARN - m.thoughtworks.gauge.GaugeUtil - Could not find executable in PATH or GAUGE_ROOT 
[  12955]   WARN - m.thoughtworks.gauge.GaugeUtil - Could not find executable in PATH or GAUGE_ROOT 
[  12956]   WARN - m.thoughtworks.gauge.GaugeUtil - Could not find executable in PATH or GAUGE_ROOT 
[  12957]   WARN - m.thoughtworks.gauge.GaugeUtil - Could not find executable in PATH or GAUGE_ROOT 
[  12958]   WARN - m.thoughtworks.gauge.GaugeUtil - Could not find executable in PATH or GAUGE_ROOT 
[  12959]   WARN - m.thoughtworks.gauge.GaugeUtil - Could not find executable in PATH or GAUGE_ROOT 
[  12960]   WARN - m.thoughtworks.gauge.GaugeUtil - Could not find executable in PATH or GAUGE_ROOT 
[  12961]   WARN - m.thoughtworks.gauge.GaugeUtil - Could not find executable in PATH or GAUGE_ROOT 
[  12962]   WARN - m.thoughtworks.gauge.GaugeUtil - Could not find executable in PATH or GAUGE_ROOT 
[  12963]   WARN - m.thoughtworks.gauge.GaugeUtil - Could not find executable in PATH or GAUGE_ROOT 
[  12963]   WARN - m.thoughtworks.gauge.GaugeUtil - Could not find executable in PATH or GAUGE_ROOT 
[  12964]   WARN - m.thoughtworks.gauge.GaugeUtil - Could not find executable in PATH or GAUGE_ROOT 
[  12964]   WARN - m.thoughtworks.gauge.GaugeUtil - Could not find executable in PATH or GAUGE_ROOT 
[  12964]   WARN - m.thoughtworks.gauge.GaugeUtil - Could not find executable in PATH or GAUGE_ROOT 
[  12965]   WARN - m.thoughtworks.gauge.GaugeUtil - Could not find executable in PATH or GAUGE_ROOT 
[  12965]   WARN - m.thoughtworks.gauge.GaugeUtil - Could not find executable in PATH or GAUGE_ROOT 
[  18096]   WARN - openapi.wm.impl.ToolWindowImpl - ToolWindow icons should be 13x13. Please fix ToolWindow (ID:  Leiningen) or icon file:/home/shewitt/.IdeaIC2016.1/config/plugins/clojure-plugin/classes/cursive/icons/project.png 
[  55797]   WARN - m.thoughtworks.gauge.GaugeUtil - Could not find executable in PATH or GAUGE_ROOT 
[  55799]   WARN - m.thoughtworks.gauge.GaugeUtil - Could not find executable in PATH or GAUGE_ROOT 
[  56888]   WARN - openapi.wm.impl.ToolWindowImpl - ToolWindow icons should be 13x13. Please fix ToolWindow (ID:  Leiningen) or icon file:/home/shewitt/.IdeaIC2016.1/config/plugins/clojure-plugin/classes/cursive/icons/project.png 
OpenJDK 64-Bit Server VM warning: ignoring option MaxPermSize=350m; support was removed in 8.0
[   1941]  ERROR -    #com.intellij.lang.Language - Language with ID 'Markdown' is already registered: class com.vladsch.idea.multimarkdown.MarkdownLanguage 
java.lang.Throwable
	at com.intellij.openapi.diagnostic.Logger.error(Logger.java:127)
	at com.intellij.lang.Language.<init>(Language.java:87)
	at com.intellij.lang.Language.<init>(Language.java:72)
	at org.intellij.plugins.markdown.lang.MarkdownLanguage.<init>(MarkdownLanguage.java:25)
	at org.intellij.plugins.markdown.lang.MarkdownLanguage.<clinit>(MarkdownLanguage.java:22)
	at org.intellij.plugins.markdown.lang.MarkdownFileType.<init>(MarkdownFileType.java:30)
	at org.intellij.plugins.markdown.lang.MarkdownFileType.<clinit>(MarkdownFileType.java:27)
	at org.intellij.plugins.markdown.lang.MarkdownFileTypeFactory.createFileTypes(MarkdownFileTypeFactory.java:25)
	at com.intellij.openapi.fileTypes.impl.FileTypeManagerImpl.initStandardFileTypes(FileTypeManagerImpl.java:310)
	at com.intellij.openapi.fileTypes.impl.FileTypeManagerImpl.<init>(FileTypeManagerImpl.java:270)
	at sun.reflect.NativeConstructorAccessorImpl.newInstance0(Native Method)
	at sun.reflect.NativeConstructorAccessorImpl.newInstance(NativeConstructorAccessorImpl.java:62)
	at sun.reflect.DelegatingConstructorAccessorImpl.newInstance(DelegatingConstructorAccessorImpl.java:45)
	at java.lang.reflect.Constructor.newInstance(Constructor.java:423)
	at org.picocontainer.defaults.InstantiatingComponentAdapter.newInstance(InstantiatingComponentAdapter.java:193)
	at org.picocontainer.defaults.ConstructorInjectionComponentAdapter$1.run(ConstructorInjectionComponentAdapter.java:220)
	at org.picocontainer.defaults.ThreadLocalCyclicDependencyGuard.observe(ThreadLocalCyclicDependencyGuard.java:53)
	at org.picocontainer.defaults.ConstructorInjectionComponentAdapter.getComponentInstance(ConstructorInjectionComponentAdapter.java:248)
	at com.intellij.util.pico.ConstructorInjectionComponentAdapter.getComponentInstance(ConstructorInjectionComponentAdapter.java:59)
	at com.intellij.openapi.components.impl.ComponentManagerImpl$ComponentConfigComponentAdapter.getComponentInstance(ComponentManagerImpl.java:499)
	at com.intellij.openapi.components.impl.ComponentManagerImpl.createComponents(ComponentManagerImpl.java:123)
	at com.intellij.openapi.application.impl.ApplicationImpl.access$801(ApplicationImpl.java:92)
	at com.intellij.openapi.application.impl.ApplicationImpl$12.run(ApplicationImpl.java:500)
	at com.intellij.openapi.progress.impl.CoreProgressManager$2.run(CoreProgressManager.java:142)
	at com.intellij.openapi.progress.impl.CoreProgressManager.registerIndicatorAndRun(CoreProgressManager.java:446)
	at com.intellij.openapi.progress.impl.CoreProgressManager.executeProcessUnderProgress(CoreProgressManager.java:392)
	at com.intellij.openapi.progress.impl.ProgressManagerImpl.executeProcessUnderProgress(ProgressManagerImpl.java:54)
	at com.intellij.openapi.progress.impl.CoreProgressManager.runProcess(CoreProgressManager.java:127)
	at com.intellij.openapi.application.impl.ApplicationImpl.createComponents(ApplicationImpl.java:516)
	at com.intellij.openapi.components.impl.ComponentManagerImpl.init(ComponentManagerImpl.java:107)
	at com.intellij.openapi.application.impl.ApplicationImpl.load(ApplicationImpl.java:458)
	at com.intellij.openapi.application.impl.ApplicationImpl.load(ApplicationImpl.java:450)
	at com.intellij.idea.IdeaApplication.run(IdeaApplication.java:194)
	at com.intellij.idea.MainImpl$1$1$1.run(MainImpl.java:52)
	at java.awt.event.InvocationEvent.dispatch(InvocationEvent.java:311)
	at java.awt.EventQueue.dispatchEventImpl(EventQueue.java:756)
	at java.awt.EventQueue.access$500(EventQueue.java:97)
	at java.awt.EventQueue$3.run(EventQueue.java:709)
	at java.awt.EventQueue$3.run(EventQueue.java:703)
	at java.security.AccessController.doPrivileged(Native Method)
	at java.security.ProtectionDomain$JavaSecurityAccessImpl.doIntersectionPrivilege(ProtectionDomain.java:76)
	at java.awt.EventQueue.dispatchEvent(EventQueue.java:726)
	at com.intellij.ide.IdeEventQueue.dispatchEvent(IdeEventQueue.java:366)
	at java.awt.EventDispatchThread.pumpOneEventForFilters(EventDispatchThread.java:201)
	at java.awt.EventDispatchThread.pumpEventsForFilter(EventDispatchThread.java:116)
	at java.awt.EventDispatchThread.pumpEventsForHierarchy(EventDispatchThread.java:105)
	at java.awt.EventDispatchThread.pumpEvents(EventDispatchThread.java:101)
	at java.awt.EventDispatchThread.pumpEvents(EventDispatchThread.java:93)
	at java.awt.EventDispatchThread.run(EventDispatchThread.java:82)
[   1944]  ERROR -    #com.intellij.lang.Language - IntelliJ IDEA 2016.1.3  Build #IC-145.1617.8 
[   1944]  ERROR -    #com.intellij.lang.Language - JDK: 1.8.0_76-release 
[   1944]  ERROR -    #com.intellij.lang.Language - VM: OpenJDK 64-Bit Server VM 
[   1944]  ERROR -    #com.intellij.lang.Language - Vendor: JetBrains s.r.o 
[   1944]  ERROR -    #com.intellij.lang.Language - OS: Linux 
[   9017]   WARN - m.thoughtworks.gauge.GaugeUtil - Could not find executable in PATH or GAUGE_ROOT 
[   9017]   WARN - m.thoughtworks.gauge.GaugeUtil - Could not find executable in PATH or GAUGE_ROOT 
[   9021]   WARN - m.thoughtworks.gauge.GaugeUtil - Could not find executable in PATH or GAUGE_ROOT 
[  13108]   WARN - openapi.wm.impl.ToolWindowImpl - ToolWindow icons should be 13x13. Please fix ToolWindow (ID:  Leiningen) or icon file:/home/shewitt/.IdeaIC2016.1/config/plugins/clojure-plugin/classes/cursive/icons/project.png 
OpenJDK 64-Bit Server VM warning: ignoring option MaxPermSize=350m; support was removed in 8.0
[   2376]  ERROR -    #com.intellij.lang.Language - Language with ID 'Markdown' is already registered: class com.vladsch.idea.multimarkdown.MarkdownLanguage 
java.lang.Throwable
	at com.intellij.openapi.diagnostic.Logger.error(Logger.java:127)
	at com.intellij.lang.Language.<init>(Language.java:87)
	at com.intellij.lang.Language.<init>(Language.java:72)
	at org.intellij.plugins.markdown.lang.MarkdownLanguage.<init>(MarkdownLanguage.java:25)
	at org.intellij.plugins.markdown.lang.MarkdownLanguage.<clinit>(MarkdownLanguage.java:22)
	at org.intellij.plugins.markdown.lang.MarkdownFileType.<init>(MarkdownFileType.java:30)
	at org.intellij.plugins.markdown.lang.MarkdownFileType.<clinit>(MarkdownFileType.java:27)
	at org.intellij.plugins.markdown.lang.MarkdownFileTypeFactory.createFileTypes(MarkdownFileTypeFactory.java:25)
	at com.intellij.openapi.fileTypes.impl.FileTypeManagerImpl.initStandardFileTypes(FileTypeManagerImpl.java:310)
	at com.intellij.openapi.fileTypes.impl.FileTypeManagerImpl.<init>(FileTypeManagerImpl.java:270)
	at sun.reflect.NativeConstructorAccessorImpl.newInstance0(Native Method)
	at sun.reflect.NativeConstructorAccessorImpl.newInstance(NativeConstructorAccessorImpl.java:62)
	at sun.reflect.DelegatingConstructorAccessorImpl.newInstance(DelegatingConstructorAccessorImpl.java:45)
	at java.lang.reflect.Constructor.newInstance(Constructor.java:423)
	at org.picocontainer.defaults.InstantiatingComponentAdapter.newInstance(InstantiatingComponentAdapter.java:193)
	at org.picocontainer.defaults.ConstructorInjectionComponentAdapter$1.run(ConstructorInjectionComponentAdapter.java:220)
	at org.picocontainer.defaults.ThreadLocalCyclicDependencyGuard.observe(ThreadLocalCyclicDependencyGuard.java:53)
	at org.picocontainer.defaults.ConstructorInjectionComponentAdapter.getComponentInstance(ConstructorInjectionComponentAdapter.java:248)
	at com.intellij.util.pico.ConstructorInjectionComponentAdapter.getComponentInstance(ConstructorInjectionComponentAdapter.java:59)
	at com.intellij.openapi.components.impl.ComponentManagerImpl$ComponentConfigComponentAdapter.getComponentInstance(ComponentManagerImpl.java:499)
	at com.intellij.openapi.components.impl.ComponentManagerImpl.createComponents(ComponentManagerImpl.java:123)
	at com.intellij.openapi.application.impl.ApplicationImpl.access$801(ApplicationImpl.java:92)
	at com.intellij.openapi.application.impl.ApplicationImpl$12.run(ApplicationImpl.java:500)
	at com.intellij.openapi.progress.impl.CoreProgressManager$2.run(CoreProgressManager.java:142)
	at com.intellij.openapi.progress.impl.CoreProgressManager.registerIndicatorAndRun(CoreProgressManager.java:446)
	at com.intellij.openapi.progress.impl.CoreProgressManager.executeProcessUnderProgress(CoreProgressManager.java:392)
	at com.intellij.openapi.progress.impl.ProgressManagerImpl.executeProcessUnderProgress(ProgressManagerImpl.java:54)
	at com.intellij.openapi.progress.impl.CoreProgressManager.runProcess(CoreProgressManager.java:127)
	at com.intellij.openapi.application.impl.ApplicationImpl.createComponents(ApplicationImpl.java:516)
	at com.intellij.openapi.components.impl.ComponentManagerImpl.init(ComponentManagerImpl.java:107)
	at com.intellij.openapi.application.impl.ApplicationImpl.load(ApplicationImpl.java:458)
	at com.intellij.openapi.application.impl.ApplicationImpl.load(ApplicationImpl.java:450)
	at com.intellij.idea.IdeaApplication.run(IdeaApplication.java:194)
	at com.intellij.idea.MainImpl$1$1$1.run(MainImpl.java:52)
	at java.awt.event.InvocationEvent.dispatch(InvocationEvent.java:311)
	at java.awt.EventQueue.dispatchEventImpl(EventQueue.java:756)
	at java.awt.EventQueue.access$500(EventQueue.java:97)
	at java.awt.EventQueue$3.run(EventQueue.java:709)
	at java.awt.EventQueue$3.run(EventQueue.java:703)
	at java.security.AccessController.doPrivileged(Native Method)
	at java.security.ProtectionDomain$JavaSecurityAccessImpl.doIntersectionPrivilege(ProtectionDomain.java:76)
	at java.awt.EventQueue.dispatchEvent(EventQueue.java:726)
	at com.intellij.ide.IdeEventQueue.dispatchEvent(IdeEventQueue.java:366)
	at java.awt.EventDispatchThread.pumpOneEventForFilters(EventDispatchThread.java:201)
	at java.awt.EventDispatchThread.pumpEventsForFilter(EventDispatchThread.java:116)
	at java.awt.EventDispatchThread.pumpEventsForHierarchy(EventDispatchThread.java:105)
	at java.awt.EventDispatchThread.pumpEvents(EventDispatchThread.java:101)
	at java.awt.EventDispatchThread.pumpEvents(EventDispatchThread.java:93)
	at java.awt.EventDispatchThread.run(EventDispatchThread.java:82)
[   2380]  ERROR -    #com.intellij.lang.Language - IntelliJ IDEA 2016.1.3  Build #IC-145.1617.8 
[   2380]  ERROR -    #com.intellij.lang.Language - JDK: 1.8.0_76-release 
[   2380]  ERROR -    #com.intellij.lang.Language - VM: OpenJDK 64-Bit Server VM 
[   2380]  ERROR -    #com.intellij.lang.Language - Vendor: JetBrains s.r.o 
[   2380]  ERROR -    #com.intellij.lang.Language - OS: Linux 
[  10074]   WARN - m.thoughtworks.gauge.GaugeUtil - Could not find executable in PATH or GAUGE_ROOT 
[  10075]   WARN - m.thoughtworks.gauge.GaugeUtil - Could not find executable in PATH or GAUGE_ROOT 
[  10080]   WARN - m.thoughtworks.gauge.GaugeUtil - Could not find executable in PATH or GAUGE_ROOT 
[  13720]   WARN - openapi.wm.impl.ToolWindowImpl - ToolWindow icons should be 13x13. Please fix ToolWindow (ID:  Leiningen) or icon file:/home/shewitt/.IdeaIC2016.1/config/plugins/clojure-plugin/classes/cursive/icons/project.png 
[5704390]   WARN - m.thoughtworks.gauge.GaugeUtil - Could not find executable in PATH or GAUGE_ROOT 
[5704394]   WARN - m.thoughtworks.gauge.GaugeUtil - Could not find executable in PATH or GAUGE_ROOT 
[5704395]   WARN - m.thoughtworks.gauge.GaugeUtil - Could not find executable in PATH or GAUGE_ROOT 
[5704397]   WARN - m.thoughtworks.gauge.GaugeUtil - Could not find executable in PATH or GAUGE_ROOT 
[5704399]   WARN - m.thoughtworks.gauge.GaugeUtil - Could not find executable in PATH or GAUGE_ROOT 
[5704399]   WARN - m.thoughtworks.gauge.GaugeUtil - Could not find executable in PATH or GAUGE_ROOT 
[5704400]   WARN - m.thoughtworks.gauge.GaugeUtil - Could not find executable in PATH or GAUGE_ROOT 
[5704401]   WARN - m.thoughtworks.gauge.GaugeUtil - Could not find executable in PATH or GAUGE_ROOT 
[5704401]   WARN - m.thoughtworks.gauge.GaugeUtil - Could not find executable in PATH or GAUGE_ROOT 
[5704402]   WARN - m.thoughtworks.gauge.GaugeUtil - Could not find executable in PATH or GAUGE_ROOT 
[5704402]   WARN - m.thoughtworks.gauge.GaugeUtil - Could not find executable in PATH or GAUGE_ROOT 
[5704403]   WARN - m.thoughtworks.gauge.GaugeUtil - Could not find executable in PATH or GAUGE_ROOT 
[5704403]   WARN - m.thoughtworks.gauge.GaugeUtil - Could not find executable in PATH or GAUGE_ROOT 
[5704404]   WARN - m.thoughtworks.gauge.GaugeUtil - Could not find executable in PATH or GAUGE_ROOT 
[5704404]   WARN - m.thoughtworks.gauge.GaugeUtil - Could not find executable in PATH or GAUGE_ROOT 
[5704405]   WARN - m.thoughtworks.gauge.GaugeUtil - Could not find executable in PATH or GAUGE_ROOT 
[5705822]   WARN - openapi.wm.impl.ToolWindowImpl - ToolWindow icons should be 13x13. Please fix ToolWindow (ID:  Leiningen) or icon file:/home/shewitt/.IdeaIC2016.1/config/plugins/clojure-plugin/classes/cursive/icons/project.png 
[5748464]   WARN - m.thoughtworks.gauge.GaugeUtil - Could not find executable in PATH or GAUGE_ROOT 
[5748465]   WARN - m.thoughtworks.gauge.GaugeUtil - Could not find executable in PATH or GAUGE_ROOT 
[5748466]   WARN - m.thoughtworks.gauge.GaugeUtil - Could not find executable in PATH or GAUGE_ROOT 
[5748466]   WARN - m.thoughtworks.gauge.GaugeUtil - Could not find executable in PATH or GAUGE_ROOT 
[5748467]   WARN - m.thoughtworks.gauge.GaugeUtil - Could not find executable in PATH or GAUGE_ROOT 
[5748467]   WARN - m.thoughtworks.gauge.GaugeUtil - Could not find executable in PATH or GAUGE_ROOT 
[5748468]   WARN - m.thoughtworks.gauge.GaugeUtil - Could not find executable in PATH or GAUGE_ROOT 
[5748469]   WARN - m.thoughtworks.gauge.GaugeUtil - Could not find executable in PATH or GAUGE_ROOT 
[5748470]   WARN - m.thoughtworks.gauge.GaugeUtil - Could not find executable in PATH or GAUGE_ROOT 
[5748470]   WARN - m.thoughtworks.gauge.GaugeUtil - Could not find executable in PATH or GAUGE_ROOT 
[5748471]   WARN - m.thoughtworks.gauge.GaugeUtil - Could not find executable in PATH or GAUGE_ROOT 
[5748471]   WARN - m.thoughtworks.gauge.GaugeUtil - Could not find executable in PATH or GAUGE_ROOT 
[5748472]   WARN - m.thoughtworks.gauge.GaugeUtil - Could not find executable in PATH or GAUGE_ROOT 
[5748472]   WARN - m.thoughtworks.gauge.GaugeUtil - Could not find executable in PATH or GAUGE_ROOT 
[5748473]   WARN - m.thoughtworks.gauge.GaugeUtil - Could not find executable in PATH or GAUGE_ROOT 
[5748473]   WARN - m.thoughtworks.gauge.GaugeUtil - Could not find executable in PATH or GAUGE_ROOT 
[5748985]   WARN - openapi.wm.impl.ToolWindowImpl - ToolWindow icons should be 13x13. Please fix ToolWindow (ID:  Leiningen) or icon file:/home/shewitt/.IdeaIC2016.1/config/plugins/clojure-plugin/classes/cursive/icons/project.png 
[WARNING] The POM for org.eclipse.jetty:jetty-maven-plugin:jar:9.3.10-SNAPSHOT is missing, no dependency information available
[WARNING] The POM for org.eclipse.jetty:jetty-maven-plugin:jar:9.3.9 is missing, no dependency information available
[WARNING] The POM for org.eclipse.jetty:jetty-maven-plugin:jar:9.3.8 is missing, no dependency information available
[WARNING] The POM for org.eclipse.jetty:jetty-maven-plugin:jar:9.3. is missing, no dependency information available
[WARNING] The POM for org.eclipse.jetty:jetty-maven-plugin:jar:9.3.7 is missing, no dependency information available
[WARNING] The POM for org.eclipse.jetty:jetty-maven-plugin:jar:9.3.9 is missing, no dependency information available
